[0.406s] Invoking command in '/home/pread/Project/ros2_ws/src/pcgrad': PYTHONPATH=/home/pread/Project/ros2_ws/src/build/pcgrad/prefix_override:/usr/lib/python3/dist-packages/colcon_core/task/python/colcon_distutils_commands:/home/pread/Project/ros2_ws/src/install/pcgrad/lib/python3.10/site-packages:${PYTHONPATH} /usr/bin/python3 -W ignore:setup.py install is deprecated -W ignore:easy_install command is deprecated setup.py egg_info --egg-base ../build/pcgrad build --build-base /home/pread/Project/ros2_ws/src/build/pcgrad/build install --record /home/pread/Project/ros2_ws/src/build/pcgrad/install.log --single-version-externally-managed install_data
[0.545s] running egg_info
[0.545s] creating ../build/pcgrad/pcgrad.egg-info
[0.545s] writing ../build/pcgrad/pcgrad.egg-info/PKG-INFO
[0.546s] writing dependency_links to ../build/pcgrad/pcgrad.egg-info/dependency_links.txt
[0.546s] writing entry points to ../build/pcgrad/pcgrad.egg-info/entry_points.txt
[0.546s] writing requirements to ../build/pcgrad/pcgrad.egg-info/requires.txt
[0.546s] writing top-level names to ../build/pcgrad/pcgrad.egg-info/top_level.txt
[0.546s] writing manifest file '../build/pcgrad/pcgrad.egg-info/SOURCES.txt'
[0.547s] reading manifest file '../build/pcgrad/pcgrad.egg-info/SOURCES.txt'
[0.547s] writing manifest file '../build/pcgrad/pcgrad.egg-info/SOURCES.txt'
[0.547s] running build
[0.547s] running build_py
[0.547s] creating /home/pread/Project/ros2_ws/src/build/pcgrad/build
[0.547s] creating /home/pread/Project/ros2_ws/src/build/pcgrad/build/lib
[0.547s] creating /home/pread/Project/ros2_ws/src/build/pcgrad/build/lib/pcgrad
[0.547s] copying pcgrad/__init__.py -> /home/pread/Project/ros2_ws/src/build/pcgrad/build/lib/pcgrad
[0.547s] copying pcgrad/joints_state.py -> /home/pread/Project/ros2_ws/src/build/pcgrad/build/lib/pcgrad
[0.548s] copying pcgrad/run_environment.py -> /home/pread/Project/ros2_ws/src/build/pcgrad/build/lib/pcgrad
[0.548s] running install
[0.548s] running install_lib
[0.548s] creating /home/pread/Project/ros2_ws/src/install/pcgrad/lib/python3.10/site-packages/pcgrad
[0.548s] copying /home/pread/Project/ros2_ws/src/build/pcgrad/build/lib/pcgrad/__init__.py -> /home/pread/Project/ros2_ws/src/install/pcgrad/lib/python3.10/site-packages/pcgrad
[0.548s] copying /home/pread/Project/ros2_ws/src/build/pcgrad/build/lib/pcgrad/joints_state.py -> /home/pread/Project/ros2_ws/src/install/pcgrad/lib/python3.10/site-packages/pcgrad
[0.548s] copying /home/pread/Project/ros2_ws/src/build/pcgrad/build/lib/pcgrad/run_environment.py -> /home/pread/Project/ros2_ws/src/install/pcgrad/lib/python3.10/site-packages/pcgrad
[0.548s] byte-compiling /home/pread/Project/ros2_ws/src/install/pcgrad/lib/python3.10/site-packages/pcgrad/__init__.py to __init__.cpython-310.pyc
[0.548s] byte-compiling /home/pread/Project/ros2_ws/src/install/pcgrad/lib/python3.10/site-packages/pcgrad/joints_state.py to joints_state.cpython-310.pyc
[0.549s] byte-compiling /home/pread/Project/ros2_ws/src/install/pcgrad/lib/python3.10/site-packages/pcgrad/run_environment.py to run_environment.cpython-310.pyc
[0.550s] running install_data
[0.550s] creating /home/pread/Project/ros2_ws/src/install/pcgrad/share/ament_index
[0.550s] creating /home/pread/Project/ros2_ws/src/install/pcgrad/share/ament_index/resource_index
[0.550s] creating /home/pread/Project/ros2_ws/src/install/pcgrad/share/ament_index/resource_index/packages
[0.550s] copying resource/pcgrad -> /home/pread/Project/ros2_ws/src/install/pcgrad/share/ament_index/resource_index/packages
[0.550s] copying package.xml -> /home/pread/Project/ros2_ws/src/install/pcgrad/share/pcgrad
[0.550s] creating /home/pread/Project/ros2_ws/src/install/pcgrad/share/pcgrad/launch
[0.550s] copying launch/pcgrad_launch.py -> /home/pread/Project/ros2_ws/src/install/pcgrad/share/pcgrad/launch
[0.550s] running install_egg_info
[0.551s] Copying ../build/pcgrad/pcgrad.egg-info to /home/pread/Project/ros2_ws/src/install/pcgrad/lib/python3.10/site-packages/pcgrad-0.0.0-py3.10.egg-info
[0.551s] running install_scripts
[0.563s] Installing joints_state script to /home/pread/Project/ros2_ws/src/install/pcgrad/lib/pcgrad
[0.563s] Installing run_environment script to /home/pread/Project/ros2_ws/src/install/pcgrad/lib/pcgrad
[0.563s] writing list of installed files to '/home/pread/Project/ros2_ws/src/build/pcgrad/install.log'
[0.577s] Invoked command in '/home/pread/Project/ros2_ws/src/pcgrad' returned '0': PYTHONPATH=/home/pread/Project/ros2_ws/src/build/pcgrad/prefix_override:/usr/lib/python3/dist-packages/colcon_core/task/python/colcon_distutils_commands:/home/pread/Project/ros2_ws/src/install/pcgrad/lib/python3.10/site-packages:${PYTHONPATH} /usr/bin/python3 -W ignore:setup.py install is deprecated -W ignore:easy_install command is deprecated setup.py egg_info --egg-base ../build/pcgrad build --build-base /home/pread/Project/ros2_ws/src/build/pcgrad/build install --record /home/pread/Project/ros2_ws/src/build/pcgrad/install.log --single-version-externally-managed install_data
