running egg_info
writing ../build/pcgrad/pcgrad.egg-info/PKG-INFO
writing dependency_links to ../build/pcgrad/pcgrad.egg-info/dependency_links.txt
writing entry points to ../build/pcgrad/pcgrad.egg-info/entry_points.txt
writing requirements to ../build/pcgrad/pcgrad.egg-info/requires.txt
writing top-level names to ../build/pcgrad/pcgrad.egg-info/top_level.txt
reading manifest file '../build/pcgrad/pcgrad.egg-info/SOURCES.txt'
writing manifest file '../build/pcgrad/pcgrad.egg-info/SOURCES.txt'
running build
running build_py
copying pcgrad/run_environment.py -> /home/pread/Project/ros2_ws/src/build/pcgrad/build/lib/pcgrad
running install
running install_lib
copying /home/pread/Project/ros2_ws/src/build/pcgrad/build/lib/pcgrad/run_environment.py -> /home/pread/Project/ros2_ws/src/install/pcgrad/lib/python3.10/site-packages/pcgrad
byte-compiling /home/pread/Project/ros2_ws/src/install/pcgrad/lib/python3.10/site-packages/pcgrad/run_environment.py to run_environment.cpython-310.pyc
running install_data
running install_egg_info
removing '/home/pread/Project/ros2_ws/src/install/pcgrad/lib/python3.10/site-packages/pcgrad-0.0.0-py3.10.egg-info' (and everything under it)
Copying ../build/pcgrad/pcgrad.egg-info to /home/pread/Project/ros2_ws/src/install/pcgrad/lib/python3.10/site-packages/pcgrad-0.0.0-py3.10.egg-info
running install_scripts
Installing joints_state script to /home/pread/Project/ros2_ws/src/install/pcgrad/lib/pcgrad
Installing run_environment script to /home/pread/Project/ros2_ws/src/install/pcgrad/lib/pcgrad
writing list of installed files to '/home/pread/Project/ros2_ws/src/build/pcgrad/install.log'
